c:\users\k. p\source\repos\general_utils\general_utils\x64\debug\vc143.pdb
c:\users\k. p\source\repos\general_utils\general_utils\x64\debug\tests.nativecodeanalysis.sarif
c:\users\k. p\source\repos\general_utils\general_utils\x64\debug\tests.nativecodeanalysis.xml
c:\users\k. p\source\repos\general_utils\general_utils\x64\debug\utils_debug_display.nativecodeanalysis.sarif
c:\users\k. p\source\repos\general_utils\general_utils\x64\debug\utils_debug_display.nativecodeanalysis.xml
c:\users\k. p\source\repos\general_utils\general_utils\x64\debug\utils_variadics.nativecodeanalysis.sarif
c:\users\k. p\source\repos\general_utils\general_utils\x64\debug\utils_variadics.nativecodeanalysis.xml
c:\users\k. p\source\repos\general_utils\general_utils\x64\debug\utils_variadics.obj
c:\users\k. p\source\repos\general_utils\general_utils\x64\debug\utils_debug_display.obj
c:\users\k. p\source\repos\general_utils\general_utils\x64\debug\tests.obj
c:\users\k. p\source\repos\general_utils\general_utils\x64\debug\utils_string.nativecodeanalysis.sarif
c:\users\k. p\source\repos\general_utils\general_utils\x64\debug\utils_string.nativecodeanalysis.xml
c:\users\k. p\source\repos\general_utils\general_utils\x64\debug\utils_string.obj
c:\users\k. p\source\repos\general_utils\x64\debug\general_utils.exe
c:\users\k. p\source\repos\general_utils\x64\debug\general_utils.pdb
c:\users\k. p\source\repos\general_utils\general_utils\x64\debug\vc.nativecodeanalysis.all.xml
c:\users\k. p\source\repos\general_utils\general_utils\x64\debug\general_utils.tlog\cl.command.1.tlog
c:\users\k. p\source\repos\general_utils\general_utils\x64\debug\general_utils.tlog\cl.items.tlog
c:\users\k. p\source\repos\general_utils\general_utils\x64\debug\general_utils.tlog\cl.read.1.tlog
c:\users\k. p\source\repos\general_utils\general_utils\x64\debug\general_utils.tlog\cl.write.1.tlog
c:\users\k. p\source\repos\general_utils\general_utils\x64\debug\general_utils.tlog\link.command.1.tlog
c:\users\k. p\source\repos\general_utils\general_utils\x64\debug\general_utils.tlog\link.read.1.tlog
c:\users\k. p\source\repos\general_utils\general_utils\x64\debug\general_utils.tlog\link.secondary.1.tlog
c:\users\k. p\source\repos\general_utils\general_utils\x64\debug\general_utils.tlog\link.write.1.tlog
